0 info it worked if it ends with ok
1 verbose cli [ '/usr/local/bin/node',
1 verbose cli   '/usr/local/bin/npm',
1 verbose cli   'run',
1 verbose cli   'clientDevServer' ]
2 info using npm@4.0.5
3 info using node@v7.4.0
4 verbose run-script [ 'preclientDevServer',
4 verbose run-script   'clientDevServer',
4 verbose run-script   'postclientDevServer' ]
5 info lifecycle proudfoots@1.0.0~preclientDevServer: proudfoots@1.0.0
6 silly lifecycle proudfoots@1.0.0~preclientDevServer: no script for preclientDevServer, continuing
7 info lifecycle proudfoots@1.0.0~clientDevServer: proudfoots@1.0.0
8 verbose lifecycle proudfoots@1.0.0~clientDevServer: unsafe-perm in lifecycle true
9 verbose lifecycle proudfoots@1.0.0~clientDevServer: PATH: /usr/local/lib/node_modules/npm/bin/node-gyp-bin:/Users/sunniemao/Desktop/HR/proudfoots/node_modules/.bin:/usr/local/bin:/usr/bin:/bin:/usr/sbin:/sbin:/opt/X11/bin:/usr/local/share/npm/bin
10 verbose lifecycle proudfoots@1.0.0~clientDevServer: CWD: /Users/sunniemao/Desktop/HR/proudfoots
11 silly lifecycle proudfoots@1.0.0~clientDevServer: Args: [ '-c',
11 silly lifecycle   'webpack-dev-server -d --progress --color --content-base client/' ]
12 silly lifecycle proudfoots@1.0.0~clientDevServer: Returned: code: 1  signal: null
13 info lifecycle proudfoots@1.0.0~clientDevServer: Failed to exec clientDevServer script
14 verbose stack Error: proudfoots@1.0.0 clientDevServer: `webpack-dev-server -d --progress --color --content-base client/`
14 verbose stack Exit status 1
14 verbose stack     at EventEmitter.<anonymous> (/usr/local/lib/node_modules/npm/lib/utils/lifecycle.js:279:16)
14 verbose stack     at emitTwo (events.js:106:13)
14 verbose stack     at EventEmitter.emit (events.js:191:7)
14 verbose stack     at ChildProcess.<anonymous> (/usr/local/lib/node_modules/npm/lib/utils/spawn.js:40:14)
14 verbose stack     at emitTwo (events.js:106:13)
14 verbose stack     at ChildProcess.emit (events.js:191:7)
14 verbose stack     at maybeClose (internal/child_process.js:885:16)
14 verbose stack     at Process.ChildProcess._handle.onexit (internal/child_process.js:226:5)
15 verbose pkgid proudfoots@1.0.0
16 verbose cwd /Users/sunniemao/Desktop/HR/proudfoots
17 error Darwin 16.3.0
18 error argv "/usr/local/bin/node" "/usr/local/bin/npm" "run" "clientDevServer"
19 error node v7.4.0
20 error npm  v4.0.5
21 error code ELIFECYCLE
22 error proudfoots@1.0.0 clientDevServer: `webpack-dev-server -d --progress --color --content-base client/`
22 error Exit status 1
23 error Failed at the proudfoots@1.0.0 clientDevServer script 'webpack-dev-server -d --progress --color --content-base client/'.
23 error Make sure you have the latest version of node.js and npm installed.
23 error If you do, this is most likely a problem with the proudfoots package,
23 error not with npm itself.
23 error Tell the author that this fails on your system:
23 error     webpack-dev-server -d --progress --color --content-base client/
23 error You can get information on how to open an issue for this project with:
23 error     npm bugs proudfoots
23 error Or if that isn't available, you can get their info via:
23 error     npm owner ls proudfoots
23 error There is likely additional logging output above.
24 verbose exit [ 1, true ]
